<?xml version="1.0" encoding="UTF-8"?>
<!-- Generated by org.testng.reporters.JUnitXMLReporter -->
<testsuite hostname="SANJAY" ignored="0" name="Automation Test Report" tests="1" failures="1" timestamp="2022-06-12T19:17:39 IST" time="5.207" errors="0">
  <testcase name="runScenario" time="4.146" classname="io.cucumber.testng.AbstractTestNGCucumberTests">
    <failure type="io.cucumber.java.PendingException" message="TODO: implement me">
      <![CDATA[io.cucumber.java.PendingException: TODO: implement me
at com.test.stepdef.VerifyEmail.search_for_the_post_with_user_id(VerifyEmail.java:44)
at ✽.Search for the post with user Id(file:///C:/Users/sanja/Desktop/Eclipse_Workspace/RestAPIAutomation/features/verifyEmail.feature:11)
]]>
    </failure>
  </testcase> <!-- runScenario -->
</testsuite> <!-- Automation Test Report -->
