<?xml version="1.0" encoding="UTF-8"?>
<!-- Generated by org.testng.reporters.JUnitXMLReporter -->
<testsuite hostname="SANJAY" ignored="0" name="Automation Test Report" tests="1" failures="1" timestamp="2022-06-13T20:34:32 IST" time="5.317" errors="0">
  <testcase name="runScenario" time="4.234" classname="io.cucumber.testng.AbstractTestNGCucumberTests">
    <failure type="com.fasterxml.jackson.core.JsonParseException" message="Unexpected character (&amp;apos;&amp;lt;&amp;apos; (code 60)): expected a valid value (JSON String, Number, Array, Object or token &amp;apos;null&amp;apos;, &amp;apos;true&amp;apos; or &amp;apos;false&amp;apos;)
 at [Source: (String)&amp;quot;
&amp;lt;!DOCTYPE html&amp;gt;
&amp;lt;html lang=&amp;quot;en&amp;quot;&amp;gt;
&amp;lt;head&amp;gt;
&amp;lt;meta charset=&amp;quot;utf-8&amp;quot; /&amp;gt;
&amp;lt;meta name=&amp;quot;viewport&amp;quot; content=&amp;quot;width=device-width, initial-scale=1, shrink-to-fit=no&amp;quot; /&amp;gt;
&amp;lt;link rel=&amp;quot;stylesheet&amp;quot; href=&amp;quot;/style.css&amp;quot; /&amp;gt;
&amp;lt;link rel=&amp;quot;stylesheet&amp;quot; href=&amp;quot;https://cdnjs.cloudflare.com/ajax/libs/prism/1.21.0/themes/prism-tomorrow.min.css&amp;quot; /&amp;gt;
&amp;lt;title&amp;gt;JSONPlaceholder - Free Fake REST API&amp;lt;/title&amp;gt;

&amp;lt;script async src=&amp;quot;https://www.googletagmanager.com/gtag/js?id=G-E3C3GCQVBN&amp;quot;&amp;gt;&amp;lt;/script&amp;gt;
&amp;lt;script&amp;gt;
      window.dataLayer = window.dataL&amp;quot;[truncated 6687 chars]; line: 2, column: 2]">
      <![CDATA[com.fasterxml.jackson.core.JsonParseException: Unexpected character ('<' (code 60)): expected a valid value (JSON String, Number, Array, Object or token 'null', 'true' or 'false')
 at [Source: (String)"
<!DOCTYPE html>
<html lang="en">
<head>
<meta charset="utf-8" />
<meta name="viewport" content="width=device-width, initial-scale=1, shrink-to-fit=no" />
<link rel="stylesheet" href="/style.css" />
<link rel="stylesheet" href="https://cdnjs.cloudflare.com/ajax/libs/prism/1.21.0/themes/prism-tomorrow.min.css" />
<title>JSONPlaceholder - Free Fake REST API</title>

<script async src="https://www.googletagmanager.com/gtag/js?id=G-E3C3GCQVBN"></script>
<script>
      window.dataLayer = window.dataL"[truncated 6687 chars]; line: 2, column: 2]
at com.fasterxml.jackson.core.JsonParser._constructError(JsonParser.java:2391)
at com.fasterxml.jackson.core.base.ParserMinimalBase._reportError(ParserMinimalBase.java:735)
at com.fasterxml.jackson.core.base.ParserMinimalBase._reportUnexpectedChar(ParserMinimalBase.java:659)
at com.fasterxml.jackson.core.json.ReaderBasedJsonParser._handleOddValue(ReaderBasedJsonParser.java:2005)
at com.fasterxml.jackson.core.json.ReaderBasedJsonParser.nextToken(ReaderBasedJsonParser.java:802)
at com.fasterxml.jackson.databind.ObjectMapper._initForReading(ObjectMapper.java:4761)
at com.fasterxml.jackson.databind.ObjectMapper._readMapAndClose(ObjectMapper.java:4667)
at com.fasterxml.jackson.databind.ObjectMapper.readValue(ObjectMapper.java:3629)
at com.fasterxml.jackson.databind.ObjectMapper.readValue(ObjectMapper.java:3597)
at com.test.stepdef.VerifyEmail.search_for_user_with_name(VerifyEmail.java:41)
at ✽.Search for user with name "Samantha"(file:///C:/Users/sanja/Desktop/Eclipse_Workspace/RestAPIAutomation/features/verifyEmail.feature:10)
]]>
    </failure>
  </testcase> <!-- runScenario -->
</testsuite> <!-- Automation Test Report -->
