-------------------------------------------------------------------------------
Test set: TestSuite
-------------------------------------------------------------------------------
Tests run: 1, Failures: 1, Errors: 0, Skipped: 0, Time elapsed: 6.355 s <<< FAILURE! - in TestSuite
com.test.testrunner.TestRunner.runScenario  Time elapsed: 4.168 s  <<< FAILURE!
io.cucumber.java.PendingException: TODO: implement me

