<?xml version="1.0" encoding="UTF-8"?>
<testng-results skipped="0" failed="0" ignored="0" total="1" passed="1">
  <reporter-output>
  </reporter-output>
  <suite name="Automation Test Report" duration-ms="21773" started-at="2022-06-13T20:45:06 IST" finished-at="2022-06-13T20:45:28 IST">
    <groups>
      <group name="cucumber">
        <method signature="AbstractTestNGCucumberTests.runScenario(io.cucumber.testng.PickleWrapper,io.cucumber.testng.FeatureWrapper)[pri:0, instance:com.test.testrunner.TestRunner@1a3869f4]" name="runScenario" class="io.cucumber.testng.AbstractTestNGCucumberTests"/>
      </group> <!-- cucumber -->
    </groups>
    <test name="Automation Test Report" duration-ms="21773" started-at="2022-06-13T20:45:06 IST" finished-at="2022-06-13T20:45:28 IST">
      <class name="com.test.testrunner.TestRunner">
        <test-method status="PASS" signature="setUpClass(org.testng.ITestContext)[pri:0, instance:com.test.testrunner.TestRunner@1a3869f4]" name="setUpClass" is-config="true" duration-ms="1018" started-at="2022-06-13T20:45:06 IST" finished-at="2022-06-13T20:45:07 IST">
          <params>
            <param index="0">
              <value>
                <![CDATA[org.testng.TestRunner@fd53053]]>
              </value>
            </param>
          </params>
          <reporter-output>
          </reporter-output>
        </test-method> <!-- setUpClass -->
        <test-method status="PASS" signature="runScenario(io.cucumber.testng.PickleWrapper,io.cucumber.testng.FeatureWrapper)[pri:0, instance:com.test.testrunner.TestRunner@1a3869f4]" name="runScenario" duration-ms="20502" started-at="2022-06-13T20:45:08 IST" description="Runs Cucumber Scenarios" data-provider="scenarios" finished-at="2022-06-13T20:45:28 IST">
          <params>
            <param index="0">
              <value>
                <![CDATA["Should be able to verify the comments"]]>
              </value>
            </param>
            <param index="1">
              <value>
                <![CDATA["To verify the comments made by Samantha"]]>
              </value>
            </param>
          </params>
          <reporter-output>
          </reporter-output>
        </test-method> <!-- runScenario -->
        <test-method status="PASS" signature="tearDownClass()[pri:0, instance:com.test.testrunner.TestRunner@1a3869f4]" name="tearDownClass" is-config="true" duration-ms="189" started-at="2022-06-13T20:45:28 IST" finished-at="2022-06-13T20:45:28 IST">
          <reporter-output>
          </reporter-output>
        </test-method> <!-- tearDownClass -->
      </class> <!-- com.test.testrunner.TestRunner -->
    </test> <!-- Automation Test Report -->
  </suite> <!-- Automation Test Report -->
</testng-results>
