<?xml version="1.0" encoding="UTF-8"?>
<!-- Generated by org.testng.reporters.JUnitReportReporter -->
<testsuite skipped="0" hostname="SANJAY" name="com.test.testrunner.TestRunner" tests="1" failures="0" timestamp="2022-06-12T19:17:39 IST" time="4.146" errors="1">
  <testcase name="runScenario" time="4.146" classname="com.test.testrunner.TestRunner">
    <error type="io.cucumber.java.PendingException" message="TODO: implement me">
      <![CDATA[io.cucumber.java.PendingException: TODO: implement me
at com.test.stepdef.VerifyEmail.search_for_the_post_with_user_id(VerifyEmail.java:44)
at ✽.Search for the post with user Id(file:///C:/Users/sanja/Desktop/Eclipse_Workspace/RestAPIAutomation/features/verifyEmail.feature:11)
]]>
    </error>
  </testcase> <!-- runScenario -->
  <system-out/>
</testsuite> <!-- com.test.testrunner.TestRunner -->
