<?xml version="1.0" encoding="UTF-8"?>
<!-- Generated by org.testng.reporters.JUnitReportReporter -->
<testsuite skipped="0" hostname="SANJAY" name="com.test.testrunner.TestRunner" tests="1" failures="0" timestamp="2022-06-13T20:34:32 IST" time="4.234" errors="1">
  <testcase name="runScenario" time="4.234" classname="com.test.testrunner.TestRunner">
    <error type="com.fasterxml.jackson.core.JsonParseException" message="Unexpected character (&#039;&lt;&#039; (code 60)): expected a valid value (JSON String, Number, Array, Object or token &#039;null&#039;, &#039;true&#039; or &#039;false&#039;)
 at [Source: (String)&quot;
&lt;!DOCTYPE html&gt;
&lt;html lang=&quot;en&quot;&gt;
&lt;head&gt;
&lt;meta charset=&quot;utf-8&quot; /&gt;
&lt;meta name=&quot;viewport&quot; content=&quot;width=device-width, initial-scale=1, shrink-to-fit=no&quot; /&gt;
&lt;link rel=&quot;stylesheet&quot; href=&quot;/style.css&quot; /&gt;
&lt;link rel=&quot;stylesheet&quot; href=&quot;https://cdnjs.cloudflare.com/ajax/libs/prism/1.21.0/themes/prism-tomorrow.min.css&quot; /&gt;
&lt;title&gt;JSONPlaceholder - Free Fake REST API&lt;/title&gt;

&lt;script async src=&quot;https://www.googletagmanager.com/gtag/js?id=G-E3C3GCQVBN&quot;&gt;&lt;/script&gt;
&lt;script&gt;
      window.dataLayer = window.dataL&quot;[truncated 6687 chars]; line: 2, column: 2]">
      <![CDATA[com.fasterxml.jackson.core.JsonParseException: Unexpected character ('<' (code 60)): expected a valid value (JSON String, Number, Array, Object or token 'null', 'true' or 'false')
 at [Source: (String)"
<!DOCTYPE html>
<html lang="en">
<head>
<meta charset="utf-8" />
<meta name="viewport" content="width=device-width, initial-scale=1, shrink-to-fit=no" />
<link rel="stylesheet" href="/style.css" />
<link rel="stylesheet" href="https://cdnjs.cloudflare.com/ajax/libs/prism/1.21.0/themes/prism-tomorrow.min.css" />
<title>JSONPlaceholder - Free Fake REST API</title>

<script async src="https://www.googletagmanager.com/gtag/js?id=G-E3C3GCQVBN"></script>
<script>
      window.dataLayer = window.dataL"[truncated 6687 chars]; line: 2, column: 2]
at com.fasterxml.jackson.core.JsonParser._constructError(JsonParser.java:2391)
at com.fasterxml.jackson.core.base.ParserMinimalBase._reportError(ParserMinimalBase.java:735)
at com.fasterxml.jackson.core.base.ParserMinimalBase._reportUnexpectedChar(ParserMinimalBase.java:659)
at com.fasterxml.jackson.core.json.ReaderBasedJsonParser._handleOddValue(ReaderBasedJsonParser.java:2005)
at com.fasterxml.jackson.core.json.ReaderBasedJsonParser.nextToken(ReaderBasedJsonParser.java:802)
at com.fasterxml.jackson.databind.ObjectMapper._initForReading(ObjectMapper.java:4761)
at com.fasterxml.jackson.databind.ObjectMapper._readMapAndClose(ObjectMapper.java:4667)
at com.fasterxml.jackson.databind.ObjectMapper.readValue(ObjectMapper.java:3629)
at com.fasterxml.jackson.databind.ObjectMapper.readValue(ObjectMapper.java:3597)
at com.test.stepdef.VerifyEmail.search_for_user_with_name(VerifyEmail.java:41)
at ✽.Search for user with name "Samantha"(file:///C:/Users/sanja/Desktop/Eclipse_Workspace/RestAPIAutomation/features/verifyEmail.feature:10)
]]>
    </error>
  </testcase> <!-- runScenario -->
  <system-out/>
</testsuite> <!-- com.test.testrunner.TestRunner -->
